  Game.cpp
Game.cpp(69): warning C4800: 'int': forcing value to bool 'true' or 'false' (performance warning)
Game.cpp(97): warning C4244: 'argument': conversion from 'time_t' to 'unsigned int', possible loss of data
Game.cpp(145): warning C4244: 'initializing': conversion from 'GLfloat' to 'GLint', possible loss of data
Game.cpp(146): warning C4244: 'initializing': conversion from 'GLfloat' to 'GLint', possible loss of data
Game.cpp(147): warning C4244: 'initializing': conversion from 'GLfloat' to 'GLint', possible loss of data
Game.cpp(148): warning C4244: 'initializing': conversion from 'GLfloat' to 'GLint', possible loss of data
Game.cpp(149): warning C4244: 'initializing': conversion from 'GLfloat' to 'GLint', possible loss of data
Game.cpp(153): warning C4244: 'argument': conversion from 'GLint' to 'GLfloat', possible loss of data
Game.cpp(154): warning C4244: 'argument': conversion from 'GLint' to 'GLfloat', possible loss of data
Game.cpp(155): warning C4244: 'argument': conversion from 'GLint' to 'GLfloat', possible loss of data
Game.cpp(156): warning C4244: 'argument': conversion from 'GLint' to 'GLfloat', possible loss of data
Game.cpp(159): warning C4244: 'argument': conversion from 'GLint' to 'GLfloat', possible loss of data
Game.cpp(160): warning C4244: 'argument': conversion from 'GLint' to 'GLfloat', possible loss of data
Game.cpp(161): warning C4244: 'argument': conversion from 'GLint' to 'GLfloat', possible loss of data
Game.cpp(162): warning C4244: 'argument': conversion from 'GLint' to 'GLfloat', possible loss of data
  Generating code
  45 of 556 functions ( 8.1%) were compiled, the rest were copied from previous compilation.
    0 functions were new in current compilation
    16 functions had inline decision re-evaluated but remain unchanged
  Finished generating code
  tetris3d.vcxproj -> D:\old-D\Visual Studio 2010 Projects\C_C++\tetris3d\Release\tetris3d.exe
